2021-11-28 04:07:58,963 - Файл конфигурации прочитан
2021-11-28 04:08:16,495 - Файл конфигурации прочитан
2021-11-28 04:09:00,378 - Файл конфигурации прочитан
2021-11-28 04:45:21,473 - Файл конфигурации прочитан
2021-11-28 04:45:23,199 - Данные из http://deephouse.pro/upload/xml.xml получены успешно.
2021-11-28 04:45:49,993 - Файл конфигурации прочитан
2021-11-28 04:47:28,212 - Файл конфигурации прочитан
2021-11-28 04:47:29,465 - Не удалось получить данные из http://deephouse.pro/u1pload/xml.xml
2021-11-28 04:47:29,465 - Работа программы завершена из-за ошибки
2021-11-28 04:47:49,532 - Файл конфигурации прочитан
2021-11-28 04:47:50,806 - Данные из http://deephouse.pro/upload/xml.xml получены успешно.
2021-11-28 04:49:07,507 - Файл конфигурации прочитан
2021-11-28 04:49:08,923 - Данные из http://deephouse.pro/upload/xml.xml получены успешно.
2021-11-28 04:56:11,117 - Файл конфигурации прочитан
2021-11-28 04:56:12,890 - Данные из http://deephouse.pro/upload/xml.xml получены успешно.
2021-11-28 04:56:32,550 - Файл конфигурации прочитан
2021-11-28 04:56:33,953 - Успешное подключение к Базе Данных.
2021-11-28 04:56:34,069 - Данные из Базы Данных получены успешно.
2021-11-28 04:57:40,206 - Файл конфигурации прочитан
2021-11-28 04:57:41,726 - Данные из http://deephouse.pro/upload/xml.xml получены успешно.
2021-11-28 04:58:33,804 - Файл конфигурации прочитан
2021-11-28 04:58:34,924 - Успешное подключение к Базе Данных.
2021-11-28 04:58:35,206 - Данные из Базы Данных получены успешно.
2021-11-28 05:05:03,898 - Файл конфигурации прочитан
2021-11-28 05:05:06,043 - Успешное подключение к Базе Данных.
2021-11-28 05:05:06,308 - Данные из Базы Данных получены успешно.
2021-11-28 05:08:48,169 - Файл конфигурации прочитан
2021-11-28 05:08:50,534 - Успешное подключение к Базе Данных.
2021-11-28 05:08:50,791 - Данные из Базы Данных получены успешно.
2021-11-28 05:09:48,023 - Файл конфигурации прочитан
2021-11-28 05:09:50,796 - Успешное подключение к Базе Данных.
2021-11-28 05:09:51,064 - Данные из Базы Данных получены успешно.
2021-11-28 05:11:46,101 - Файл конфигурации прочитан
2021-11-28 05:11:48,526 - Успешное подключение к Базе Данных.
2021-11-28 05:11:48,788 - Данные из Базы Данных получены успешно.
2021-11-28 05:12:45,031 - Файл конфигурации прочитан
2021-11-28 05:12:47,084 - Успешное подключение к Базе Данных.
2021-11-28 05:12:47,344 - Данные из Базы Данных получены успешно.
2021-11-28 05:14:37,698 - Файл конфигурации прочитан
2021-11-28 05:14:40,115 - Успешное подключение к Базе Данных.
2021-11-28 05:14:40,379 - Данные из Базы Данных получены успешно.
2021-11-28 05:16:01,496 - Файл конфигурации прочитан
2021-11-28 05:16:03,617 - Данные из http://deephouse.pro/upload/xml.xml получены успешно.
2021-11-28 05:22:01,921 - Файл конфигурации прочитан
2021-11-28 05:22:03,191 - Данные из http://deephouse.pro/upload/xml.xml получены успешно.
2021-11-28 05:26:17,745 - Файл конфигурации прочитан
2021-11-28 05:26:19,150 - Данные из http://deephouse.pro/upload/xml.xml получены успешно.
2021-11-28 05:35:40,472 - Файл конфигурации прочитан
2021-11-28 05:35:41,861 - Данные из http://deephouse.pro/upload/xml.xml получены успешно.
2021-11-28 05:36:55,241 - Файл конфигурации прочитан
2021-11-28 05:36:56,896 - Данные из http://deephouse.pro/upload/xml.xml получены успешно.
2021-11-28 05:37:01,368 - Не удалось добавить/заменить товары в облако Эвотор.
2021-11-28 05:37:01,368 - Превышено максимальное количество запросов в текущем периоде. Работу с ресурсом можно возобновить после окончания времени, указанного в заголовке X-RateLimit-Reset.
2021-11-28 05:37:01,368 - Работа программы завершена из-за ошибки
2021-11-28 05:39:53,861 - Файл конфигурации прочитан
2021-11-28 05:39:55,122 - Данные из http://deephouse.pro/upload/xml.xml получены успешно.
2021-11-28 05:40:15,320 - Файл конфигурации прочитан
2021-11-28 05:40:16,687 - Данные из http://deephouse.pro/upload/xml.xml получены успешно.
2021-11-28 05:40:21,197 - Не удалось добавить/заменить товары в облако Эвотор.
2021-11-28 05:40:21,197 - Превышено максимальное количество запросов в текущем периоде. Работу с ресурсом можно возобновить после окончания времени, указанного в заголовке X-RateLimit-Reset.
2021-11-28 05:40:21,197 - Работа программы завершена из-за ошибки
2021-11-28 05:42:19,410 - Файл конфигурации прочитан
2021-11-28 05:42:21,162 - Данные из http://deephouse.pro/upload/xml.xml получены успешно.
2021-11-28 05:42:25,262 - Не удалось добавить/заменить товары в облако Эвотор.
2021-11-28 05:42:25,262 - Превышено максимальное количество запросов в текущем периоде. Работу с ресурсом можно возобновить после окончания времени, указанного в заголовке X-RateLimit-Reset.
2021-11-28 05:42:25,262 - Работа программы завершена из-за ошибки
2021-11-28 05:44:52,498 - Файл конфигурации прочитан
2021-11-28 05:44:54,172 - Данные из http://deephouse.pro/upload/xml.xml получены успешно.
2021-11-28 05:44:57,043 - Производится добавление товаров в облако Эвотор
2021-11-28 05:44:58,289 - Не удалось добавить/заменить товары в облако Эвотор.
2021-11-28 05:44:58,289 - Превышено максимальное количество запросов в текущем периоде. Работу с ресурсом можно возобновить после окончания времени, указанного в заголовке X-RateLimit-Reset.
2021-11-28 05:44:58,289 - Работа программы завершена из-за ошибки
2021-11-28 05:45:53,618 - Начало работы программы
2021-11-28 05:45:53,619 - Файл конфигурации прочитан
2021-11-28 05:45:55,280 - Данные из http://deephouse.pro/upload/xml.xml получены успешно.
2021-11-28 05:45:58,175 - Производится добавление товаров в облако Эвотор
2021-11-28 05:45:59,187 - Не удалось добавить/заменить товары в облако Эвотор.
2021-11-28 05:45:59,187 - Превышено максимальное количество запросов в текущем периоде. Работу с ресурсом можно возобновить после окончания времени, указанного в заголовке X-RateLimit-Reset.
2021-11-28 05:45:59,187 - Работа программы завершена из-за ошибки
2021-11-28 05:47:24,191 - ****************************** Начало работы программы ******************************
2021-11-28 05:47:24,191 - Файл конфигурации прочитан
2021-11-28 05:47:26,184 - Данные из http://deephouse.pro/upload/xml.xml получены успешно.
2021-11-28 05:47:29,055 - Производится добавление товаров в облако Эвотор
2021-11-28 05:47:30,392 - Не удалось добавить/заменить товары в облако Эвотор.
2021-11-28 05:47:30,392 - Превышено максимальное количество запросов в текущем периоде. Работу с ресурсом можно возобновить после окончания времени, указанного в заголовке X-RateLimit-Reset.
2021-11-28 05:47:30,392 - Работа программы завершена из-за ошибки
2021-11-28 05:56:07,346 - ****************************** Начало работы программы ******************************
2021-11-28 05:56:07,347 - Файл конфигурации прочитан
2021-11-28 05:56:08,992 - Данные из http://deephouse.pro/upload/xml.xml получены успешно.
2021-11-28 05:56:09,442 - Количество товаров на добавление: 1053
2021-11-28 05:56:09,442 - Количество товаров на удаление: 35
2021-11-28 05:56:09,442 - Количество товаров из внешнего источника: 5237
2021-11-28 05:56:09,442 - Количество товаров в облаке Evotor: 4219
2021-11-28 05:56:09,466 - Количество товаров Evotor после удаления: 4184
2021-11-28 05:56:10,061 - Количество товаров Evotor после добавления: 5237
2021-11-28 05:56:11,426 - Количество несовпадающих записей: 0 из 5237
2021-11-28 05:56:11,898 - Производится добавление товаров в облако Эвотор
2021-11-28 05:56:13,227 - Не удалось добавить/заменить товары в облако Эвотор.
2021-11-28 05:56:13,228 - Превышено максимальное количество запросов в текущем периоде. Работу с ресурсом можно возобновить после окончания времени, указанного в заголовке X-RateLimit-Reset.
2021-11-28 05:56:13,228 - Работа программы завершена из-за ошибки
2021-11-28 09:01:34,060 - ****************************** Начало работы программы ******************************
2021-11-28 09:01:34,177 - Файл конфигурации прочитан
2021-11-28 09:01:42,809 - Данные из http://deephouse.pro/upload/xml.xml получены успешно.
2021-11-28 09:01:43,247 - Количество товаров на добавление: 1053
2021-11-28 09:01:43,248 - Количество товаров на удаление: 36
2021-11-28 09:01:43,248 - Количество товаров из внешнего источника: 5237
2021-11-28 09:01:43,248 - Количество товаров в облаке Evotor: 4220
2021-11-28 09:01:43,275 - Количество товаров Evotor после удаления: 4184
2021-11-28 09:01:43,873 - Количество товаров Evotor после добавления: 5237
2021-11-28 09:01:45,230 - Количество несовпадающих записей: 0 из 5237
2021-11-28 09:01:45,720 - Производится добавление товаров в облако Эвотор
2021-11-28 09:01:47,283 - Товары успешно добавлены/заменены
2021-11-28 09:01:53,715 - Количество товаров в облаке Evotor после выполнения всех операций: {len(products_evotor)}
2021-11-28 09:01:53,715 - Выполнение программы завершено
2021-11-28 09:01:53,715 - 
Время выполнения: 0:00:19.654890
2021-11-28 09:02:18,430 - ****************************** Начало работы программы ******************************
2021-11-28 09:02:18,431 - Файл конфигурации прочитан
2021-11-28 09:02:20,348 - Данные из http://deephouse.pro/upload/xml.xml получены успешно.
2021-11-28 09:02:20,893 - Количество товаров на добавление: 0
2021-11-28 09:02:20,893 - Количество товаров на удаление: 36
2021-11-28 09:02:20,893 - Количество товаров из внешнего источника: 5237
2021-11-28 09:02:20,893 - Количество товаров в облаке Evotor: 5273
2021-11-28 09:02:20,925 - Количество товаров Evotor после удаления: 5237
2021-11-28 09:02:20,925 - Количество товаров Evotor после добавления: 5237
2021-11-28 09:02:22,264 - Количество несовпадающих записей: 0 из 5237
2021-11-28 09:02:25,634 - Количество товаров в облаке Evotor после выполнения всех операций: 5273
2021-11-28 09:02:25,634 - Выполнение программы завершено
2021-11-28 09:02:25,634 - 
Время выполнения: 0:00:07.203735
2021-11-28 09:04:49,089 - ****************************** Начало работы программы ******************************
2021-11-28 09:04:49,089 - Файл конфигурации прочитан
2021-11-28 09:04:50,767 - Данные из http://deephouse.pro/upload/xml.xml получены успешно.
2021-11-28 09:04:51,302 - Количество товаров на добавление: 0
2021-11-28 09:04:51,302 - Количество товаров на удаление: 36
2021-11-28 09:04:51,302 - Количество товаров из внешнего источника: 5237
2021-11-28 09:04:51,302 - Количество товаров в облаке Evotor: 5273
2021-11-28 09:04:51,334 - Количество товаров Evotor после удаления: 5237
2021-11-28 09:04:51,334 - Количество товаров Evotor после добавления: 5237
2021-11-28 09:04:52,677 - Количество несовпадающих записей: 0 из 5237
2021-11-28 09:04:54,973 - Количество товаров в облаке Evotor после выполнения всех операций: 5273
2021-11-28 09:04:54,973 - Выполнение программы завершено
2021-11-28 09:04:54,973 - 
Время выполнения: 0:00:05.884991
2021-11-28 09:13:32,643 - ****************************** Начало работы программы ******************************
2021-11-28 09:13:32,643 - Файл конфигурации прочитан
2021-11-28 09:13:34,063 - Данные из http://deephouse.pro/upload/xml.xml получены успешно.
2021-11-28 09:13:34,581 - Количество товаров на добавление: 0
2021-11-28 09:13:34,582 - Количество товаров на удаление: 36
2021-11-28 09:13:34,582 - Количество товаров из внешнего источника: 5237
2021-11-28 09:13:34,582 - Количество товаров в облаке Evotor: 5273
2021-11-28 09:13:34,613 - Количество товаров Evotor после удаления: 5237
2021-11-28 09:13:34,614 - Количество товаров Evotor после добавления: 5237
2021-11-28 09:13:35,937 - Количество несовпадающих записей: 0 из 5237
2021-11-28 09:13:35,937 - Производится удаление товаров из облака Эвотор
2021-11-28 09:13:36,604 - Товары успешно удалены из облака Эвотор
2021-11-28 09:13:37,890 - Количество товаров в облаке Evotor после выполнения всех операций: 5273
2021-11-28 09:13:37,890 - Выполнение программы завершено
2021-11-28 09:13:37,890 - 
Время выполнения: 0:00:05.247762
2021-11-28 09:25:12,722 - ****************************** Начало работы программы ******************************
2021-11-28 09:25:12,722 - Файл конфигурации прочитан
2021-11-28 09:25:14,181 - Данные из http://deephouse.pro/upload/xml.xml получены успешно.
2021-11-28 09:25:14,724 - Количество товаров на добавление: 0
2021-11-28 09:25:14,724 - Количество товаров на удаление: 36
2021-11-28 09:25:14,725 - Количество товаров из внешнего источника: 5237
2021-11-28 09:25:14,725 - Количество товаров в облаке Evotor: 5273
2021-11-28 09:25:14,759 - Количество товаров Evotor после удаления: 5237
2021-11-28 09:25:14,759 - Количество товаров Evotor после добавления: 5237
2021-11-28 09:25:16,079 - Количество несовпадающих записей: 0 из 5237
2021-11-28 09:25:16,079 - Производится удаление товаров из облака Эвотор
2021-11-28 09:25:16,756 - Товары успешно удалены из облака Эвотор
2021-11-28 09:25:20,643 - Количество товаров в облаке Evotor после выполнения всех операций: 5273
2021-11-28 09:25:21,500 - Обнаружены следующие неудаленные товары, помеченные для удаления: 
2021-11-28 09:25:21,500 - [{'code': 55950002, 'name': 'Магриб', 'price': 0.0}, {'code': 55977002, 'name': 'париж', 'price': 0.0}, {'code': 55988002, 'name': 'Дублин', 'price': 0.0}, {'code': 55988003, 'name': 'бормио', 'price': 0.0}, {'code': 55988004, 'name': 'стул Бормио', 'price': 0.0}, {'code': 55988005, 'name': 'стул Бормио экокожа', 'price': 0.0}, {'code': 55988006, 'name': 'Тиффани ', 'price': 0.0}, {'code': 55988007, 'name': 'стул 016 ножки металл черный', 'price': 0.0}, {'code': 55988008, 'name': 'стул 016 сидение пластик', 'price': 0.0}, {'code': 55988009, 'name': 'Стол Копин обеденный', 'price': 0.0}, {'code': 55988010, 'name': 'Синди стул барный бархат темно-серый', 'price': 0.0}, {'code': 55988011, 'name': 'БАРИ стул полубарный', 'price': 0.0}, {'code': 55988012, 'name': 'Бари стул полубарный', 'price': 0.0}, {'code': 55988013, 'name': 'Бильбао', 'price': 0.0}, {'code': 55988014, 'name': 'стул Бильбао', 'price': 0.0}, {'code': 55988015, 'name': 'стул Тиффани', 'price': 0.0}, {'code': 55988016, 'name': 'Дижон коралловый', 'price': 0.0}, {'code': 55988017, 'name': 'Биариц', 'price': 0.0}, {'code': 55988018, 'name': '  Бари', 'price': 0.0}, {'code': 55988019, 'name': 'тичино', 'price': 0.0}, {'code': 55988020, 'name': 'антверпен', 'price': 0.0}, {'code': 55988021, 'name': 'Париж', 'price': 0.0}, {'code': 55988022, 'name': 'париж', 'price': 0.0}, {'code': 55988023, 'name': 'ножки', 'price': 0.0}, {'code': 55988024, 'name': 'сиденье копенгаген', 'price': 0.0}, {'code': 55988025, 'name': 'париж 2', 'price': 0.0}, {'code': 55988026, 'name': 'ножки', 'price': 0.0}, {'code': 55988027, 'name': 'коп', 'price': 0.0}, {'code': 55988028, 'name': 'париж 2', 'price': 0.0}, {'code': 55988029, 'name': 'Стул Тулон', 'price': 0.0}, {'code': 55988030, 'name': 'копенгаген', 'price': 1585.0}, {'code': 55988031, 'name': 'Тиффани', 'price': 0.0}, {'code': 55988032, 'name': 'стол а87', 'price': 17500.0}, {'code': 55988033, 'name': 'Леман', 'price': 0.0}, {'code': 55988034, 'name': 'стул Синди', 'price': 0.0}, {'code': 55988035, 'name': 'париж 2', 'price': 3250.0}]
2021-11-28 09:25:21,500 - Попробуйте удалить товары вручную, или обратитесь к разработчику
2021-11-28 09:25:21,500 - Выполнение программы завершено
2021-11-28 09:25:21,500 - 
Время выполнения: 0:00:08.779277
2021-11-28 09:25:48,470 - ****************************** Начало работы программы ******************************
2021-11-28 09:25:48,470 - Файл конфигурации прочитан
2021-11-28 09:25:53,403 - Данные из http://deephouse.pro/upload/xml.xml получены успешно.
2021-11-28 09:25:53,931 - Количество товаров на добавление: 0
2021-11-28 09:25:53,931 - Количество товаров на удаление: 36
2021-11-28 09:25:53,931 - Количество товаров из внешнего источника: 5237
2021-11-28 09:25:53,931 - Количество товаров в облаке Evotor: 5273
2021-11-28 09:25:53,963 - Количество товаров Evotor после удаления: 5237
2021-11-28 09:25:53,963 - Количество товаров Evotor после добавления: 5237
2021-11-28 09:25:55,282 - Количество несовпадающих записей: 0 из 5237
2021-11-28 09:25:55,282 - Производится удаление товаров из облака Эвотор
2021-11-28 09:25:56,478 - Товары успешно удалены из облака Эвотор
2021-11-28 09:25:57,779 - Количество товаров в облаке Evotor после выполнения всех операций: 5273
2021-11-28 09:25:58,640 - Обнаружены следующие неудаленные товары, помеченные для удаления: 
2021-11-28 09:27:43,663 - ****************************** Начало работы программы ******************************
2021-11-28 09:27:43,664 - Файл конфигурации прочитан
2021-11-28 09:27:48,378 - Данные из http://deephouse.pro/upload/xml.xml получены успешно.
2021-11-28 09:27:48,906 - Количество товаров на добавление: 0
2021-11-28 09:27:48,907 - Количество товаров на удаление: 36
2021-11-28 09:27:48,907 - Количество товаров из внешнего источника: 5237
2021-11-28 09:27:48,907 - Количество товаров в облаке Evotor: 5273
2021-11-28 09:27:48,938 - Количество товаров Evotor после удаления: 5237
2021-11-28 09:27:48,938 - Количество товаров Evotor после добавления: 5237
2021-11-28 09:27:50,290 - Количество несовпадающих записей: 0 из 5237
2021-11-28 09:27:50,291 - Производится удаление товаров из облака Эвотор
2021-11-28 09:27:51,587 - Товары успешно удалены из облака Эвотор
2021-11-28 09:27:52,797 - Количество товаров в облаке Evotor после выполнения всех операций: 5273
2021-11-28 09:27:53,702 - Обнаружены следующие неудаленные товары, помеченные для удаления: 
2021-11-28 09:27:53,702 - [{'code': 55950002, 'name': 'Магриб', 'price': 0.0}, {'code': 55977002, 'name': 'париж', 'price': 0.0}, {'code': 55988002, 'name': 'Дублин', 'price': 0.0}, {'code': 55988003, 'name': 'бормио', 'price': 0.0}, {'code': 55988004, 'name': 'стул Бормио', 'price': 0.0}, {'code': 55988005, 'name': 'стул Бормио экокожа', 'price': 0.0}, {'code': 55988006, 'name': 'Тиффани ', 'price': 0.0}, {'code': 55988007, 'name': 'стул 016 ножки металл черный', 'price': 0.0}, {'code': 55988008, 'name': 'стул 016 сидение пластик', 'price': 0.0}, {'code': 55988009, 'name': 'Стол Копин обеденный', 'price': 0.0}, {'code': 55988010, 'name': 'Синди стул барный бархат темно-серый', 'price': 0.0}, {'code': 55988011, 'name': 'БАРИ стул полубарный', 'price': 0.0}, {'code': 55988012, 'name': 'Бари стул полубарный', 'price': 0.0}, {'code': 55988013, 'name': 'Бильбао', 'price': 0.0}, {'code': 55988014, 'name': 'стул Бильбао', 'price': 0.0}, {'code': 55988015, 'name': 'стул Тиффани', 'price': 0.0}, {'code': 55988016, 'name': 'Дижон коралловый', 'price': 0.0}, {'code': 55988017, 'name': 'Биариц', 'price': 0.0}, {'code': 55988018, 'name': '  Бари', 'price': 0.0}, {'code': 55988019, 'name': 'тичино', 'price': 0.0}, {'code': 55988020, 'name': 'антверпен', 'price': 0.0}, {'code': 55988021, 'name': 'Париж', 'price': 0.0}, {'code': 55988022, 'name': 'париж', 'price': 0.0}, {'code': 55988023, 'name': 'ножки', 'price': 0.0}, {'code': 55988024, 'name': 'сиденье копенгаген', 'price': 0.0}, {'code': 55988025, 'name': 'париж 2', 'price': 0.0}, {'code': 55988026, 'name': 'ножки', 'price': 0.0}, {'code': 55988027, 'name': 'коп', 'price': 0.0}, {'code': 55988028, 'name': 'париж 2', 'price': 0.0}, {'code': 55988029, 'name': 'Стул Тулон', 'price': 0.0}, {'code': 55988030, 'name': 'копенгаген', 'price': 1585.0}, {'code': 55988031, 'name': 'Тиффани', 'price': 0.0}, {'code': 55988032, 'name': 'стол а87', 'price': 17500.0}, {'code': 55988033, 'name': 'Леман', 'price': 0.0}, {'code': 55988034, 'name': 'стул Синди', 'price': 0.0}, {'code': 55988035, 'name': 'париж 2', 'price': 3250.0}]
2021-11-28 09:27:53,703 - Попробуйте удалить товары вручную, или обратитесь к разработчику
2021-11-28 09:27:53,703 - Выполнение программы завершено
2021-11-28 09:27:53,703 - 
Время выполнения: 0:00:10.039694
2021-11-28 09:28:13,583 - ****************************** Начало работы программы ******************************
2021-11-28 09:28:13,583 - Файл конфигурации прочитан
2021-11-28 09:28:15,003 - Данные из http://deephouse.pro/upload/xml.xml получены успешно.
2021-11-28 09:28:15,535 - Количество товаров на добавление: 0
2021-11-28 09:28:15,535 - Количество товаров на удаление: 36
2021-11-28 09:28:15,535 - Количество товаров из внешнего источника: 5237
2021-11-28 09:28:15,535 - Количество товаров в облаке Evotor: 5273
2021-11-28 09:28:15,567 - Количество товаров Evotor после удаления: 5237
2021-11-28 09:28:15,567 - Количество товаров Evotor после добавления: 5237
2021-11-28 09:28:16,933 - Количество несовпадающих записей: 0 из 5237
2021-11-28 09:28:16,933 - Производится удаление товаров из облака Эвотор
2021-11-28 09:28:17,957 - Товары успешно удалены из облака Эвотор
2021-11-28 09:28:19,371 - Количество товаров в облаке Evotor после выполнения всех операций: 5273
2021-11-28 09:28:20,196 - Обнаружены следующие неудаленные товары, помеченные для удаления: 
2021-11-28 09:28:20,196 - [55950002, 55977002, 55988002, 55988003, 55988004, 55988005, 55988006, 55988007, 55988008, 55988009, 55988010, 55988011, 55988012, 55988013, 55988014, 55988015, 55988016, 55988017, 55988018, 55988019, 55988020, 55988021, 55988022, 55988023, 55988024, 55988025, 55988026, 55988027, 55988028, 55988029, 55988030, 55988031, 55988032, 55988033, 55988034, 55988035]
2021-11-28 09:28:20,196 - Попробуйте удалить товары вручную, или обратитесь к разработчику
2021-11-28 09:28:20,196 - Выполнение программы завершено
2021-11-28 09:28:20,197 - 
Время выполнения: 0:00:06.613303
2021-11-28 09:39:14,457 - ****************************** Начало работы программы ******************************
2021-11-28 09:39:14,457 - Файл конфигурации прочитан
2021-11-28 09:39:20,403 - Данные из http://deephouse.pro/upload/xml.xml получены успешно.
2021-11-28 09:39:20,931 - Количество товаров на добавление: 0
2021-11-28 09:39:20,932 - Количество товаров на удаление: 36
2021-11-28 09:39:20,932 - Количество товаров из внешнего источника: 5237
2021-11-28 09:39:20,932 - Количество товаров в облаке Эвотор: 5273
2021-11-28 09:39:20,964 - Количество товаров Эвотор после удаления: 5237
2021-11-28 09:39:20,964 - Количество товаров Эвотор после добавления: 5237
2021-11-28 09:39:22,277 - Количество несовпадающих записей: 0 из 5237
2021-11-28 09:39:22,277 - Производится удаление товаров из облака Эвотор
2021-11-28 09:39:23,046 - Товары успешно удалены из облака Эвотор
2021-11-28 09:39:24,646 - Количество товаров в облаке Звотор после выполнения всех операций: 5273
2021-11-28 09:39:25,642 - Обнаружены следующие неудаленные товары, помеченные для удаления: 
2021-11-28 09:39:25,642 - [55950002, 55977002, 55988002, 55988003, 55988004, 55988005, 55988006, 55988007, 55988008, 55988009, 55988010, 55988011, 55988012, 55988013, 55988014, 55988015, 55988016, 55988017, 55988018, 55988019, 55988020, 55988021, 55988022, 55988023, 55988024, 55988025, 55988026, 55988027, 55988028, 55988029, 55988030, 55988031, 55988032, 55988033, 55988034, 55988035]
2021-11-28 09:39:25,642 - Попробуйте удалить товары вручную, или обратитесь к разработчику
2021-11-28 09:39:25,643 - Выполнение программы завершено
2021-11-28 09:39:25,643 - Время выполнения: 0:00:11.186866
